
         ,--.
       ,--.'|
   ,--,:  : |                                           Nacos 1.3.2
,`--.'`|  ' :                       ,---.               Running in stand alone mode, All function modules
|   :  :  | |                      '   ,'\   .--.--.    Port: 8848
:   |   \ | :  ,--.--.     ,---.  /   /   | /  /    '   Pid: 30
|   : '  '; | /       \   /     \.   ; ,. :|  :  /`./   Console: http://172.23.0.3:8848/nacos/index.html
'   ' ;.    ;.--.  .-. | /    / ''   | |: :|  :  ;_
|   | | \   | \__\/: . ..    ' / '   | .; : \  \    `.      https://nacos.io
'   : |  ; .' ," .--.; |'   ; :__|   :    |  `----.   \
|   | '`--'  /  /  ,.  |'   | '.'|\   \  /  /  /`--'  /
'   : |     ;  :   .'   \   :    : `----'  '--'.     /
;   |.'     |  ,     .-./\   \  /            `--'---'
'---'        `--`---'     `----'

2021-02-14 12:00:12,683 INFO Bean 'org.springframework.security.config.annotation.configuration.ObjectPostProcessorConfiguration' of type [org.springframework.security.config.annotation.configuration.ObjectPostProcessorConfiguration$$EnhancerBySpringCGLIB$$98b5461c] is not eligible for getting processed by all BeanPostProcessors (for example: not eligible for auto-proxying)

2021-02-14 12:00:12,838 INFO Bean 'objectPostProcessor' of type [org.springframework.security.config.annotation.configuration.AutowireBeanFactoryObjectPostProcessor] is not eligible for getting processed by all BeanPostProcessors (for example: not eligible for auto-proxying)

2021-02-14 12:00:12,843 INFO Bean 'org.springframework.security.access.expression.method.DefaultMethodSecurityExpressionHandler@7d3d101b' of type [org.springframework.security.access.expression.method.DefaultMethodSecurityExpressionHandler] is not eligible for getting processed by all BeanPostProcessors (for example: not eligible for auto-proxying)

2021-02-14 12:00:12,847 INFO Bean 'org.springframework.security.config.annotation.method.configuration.GlobalMethodSecurityConfiguration' of type [org.springframework.security.config.annotation.method.configuration.GlobalMethodSecurityConfiguration$$EnhancerBySpringCGLIB$$bd89e8ce] is not eligible for getting processed by all BeanPostProcessors (for example: not eligible for auto-proxying)

2021-02-14 12:00:12,854 INFO Bean 'methodSecurityMetadataSource' of type [org.springframework.security.access.method.DelegatingMethodSecurityMetadataSource] is not eligible for getting processed by all BeanPostProcessors (for example: not eligible for auto-proxying)

2021-02-14 12:00:13,275 INFO Tomcat initialized with port(s): 8848 (http)

2021-02-14 12:00:13,412 INFO Root WebApplicationContext: initialization completed in 3791 ms

2021-02-14 12:00:15,534 INFO Initializing ExecutorService 'applicationTaskExecutor'

2021-02-14 12:00:15,729 INFO Adding welcome page: class path resource [static/index.html]

2021-02-14 12:00:16,094 INFO Creating filter chain: Ant [pattern='/**'], []

2021-02-14 12:00:16,134 INFO Creating filter chain: any request, [org.springframework.security.web.context.request.async.WebAsyncManagerIntegrationFilter@66971f6b, org.springframework.security.web.context.SecurityContextPersistenceFilter@5dcbb60, org.springframework.security.web.header.HeaderWriterFilter@7de0c6ae, org.springframework.security.web.csrf.CsrfFilter@372ea2bc, org.springframework.security.web.authentication.logout.LogoutFilter@1601e47, org.springframework.security.web.savedrequest.RequestCacheAwareFilter@21526f6c, org.springframework.security.web.servletapi.SecurityContextHolderAwareRequestFilter@5471388b, org.springframework.security.web.authentication.AnonymousAuthenticationFilter@50687efb, org.springframework.security.web.session.SessionManagementFilter@cdc3aae, org.springframework.security.web.access.ExceptionTranslationFilter@2f08c4b]

2021-02-14 12:00:16,223 INFO Exposing 16 endpoint(s) beneath base path '/actuator'

2021-02-14 12:00:16,261 INFO Initializing ExecutorService 'taskScheduler'

2021-02-14 12:00:16,446 INFO Tomcat started on port(s): 8848 (http) with context path '/nacos'

2021-02-14 12:00:16,456 INFO Nacos Log files: /home/nacos/logs

2021-02-14 12:00:16,463 INFO Nacos Log files: /home/nacos/conf

2021-02-14 12:00:16,464 INFO Nacos Log files: /home/nacos/data

2021-02-14 12:00:16,465 INFO Nacos started successfully in stand alone mode. use external storage

2021-02-14 12:00:17,292 INFO Initializing Servlet 'dispatcherServlet'

2021-02-14 12:00:17,312 INFO Completed initialization in 20 ms

